2022-11-09 02:53:55,788 INFO example || The values of x and y are 4 and 5.
2022-11-09 02:53:55,788 INFO example || x/y successful with result: 0.8.
2022-11-09 02:55:07,871 INFO example || The values of x and y are 4 and 5.
2022-11-09 02:55:07,871 INFO example || x/y successful with result: 0.8.
2022-11-09 02:55:07,872 INFO example || The values of x and y are 7 and 0.
2022-11-09 02:55:07,872 ERROR example || ZeroDivisionError
Traceback (most recent call last):
  File "C:\Users\by01.admin\PycharmProjects\lessons\lesson 19\Pechuro_104_lesson19.py", line 22, in example
    x / y
ZeroDivisionError: division by zero
2022-11-09 02:56:25,472 INFO example || The values of x and y are 4 and 5.
2022-11-09 02:56:25,472 INFO example || The values of x and y are 7 and 0.
2022-11-09 02:56:25,473 ERROR example || ZeroDivisionError
Traceback (most recent call last):
  File "C:\Users\by01.admin\PycharmProjects\lessons\lesson 19\Pechuro_104_lesson19.py", line 22, in example
    x / y
ZeroDivisionError: division by zero
2022-11-09 03:37:18,200 INFO example || The values of x and y are 4 and 5.
2022-11-09 03:37:18,201 INFO example || x/y successful with result: 0.8.
2022-11-09 03:37:18,201 INFO example || The values of x and y are 7 and 0.
2022-11-09 03:37:18,201 ERROR example || ZeroDivisionError
Traceback (most recent call last):
  File "C:\Users\by01.admin\PycharmProjects\lessons\lesson 19\Pechuro_104_lesson19.py", line 22, in example
    x / y
ZeroDivisionError: division by zero
